<?xml version="1.0" encoding="UTF-8"?>
<TestRun id="f8621151-a2e7-46f0-967a-a981b031bc88" name="vithyasankaran@INDEL7BC0902 2016-08-24 13:06:02" runUser="CORPORATE\vithyasankaran" xmlns="http://microsoft.com/schemas/VisualStudio/TeamTest/2010">
  <TestSettings name="Local" id="00d6f716-3534-4b97-9a79-c787cd8e74bb">
    <Description>These are default test settings for a local test run.</Description>
    <Deployment enabled="false" runDeploymentRoot="vithyasankaran_INDEL7BC0902 2016-08-24 13_06_02">
      <DeploymentItem filename="C:\ORS Testing\Selenium\C#_WS\BCAFT\packages\Selenium.WebDriver.2.53.1\lib\net40\WebDriver.dll" />
      <DeploymentItem filename="C:\ORS Testing\Selenium\C#_WS\BCAFT\packages\Selenium.Support.2.53.1\lib\net40\WebDriver.Support.dll" />
    </Deployment>
    <Execution>
      <TestTypeSpecific />
      <AgentRule name="Execution Agents">
      </AgentRule>
    </Execution>
  </TestSettings>
  <Times creation="2016-08-24T13:06:02.5036469+05:30" queuing="2016-08-24T13:06:04.0984757+05:30" start="2016-08-24T13:06:04.2704673+05:30" finish="2016-08-24T13:08:19.9088169+05:30" />
  <ResultSummary outcome="Error">
    <Counters total="2" executed="1" error="0" failed="0" timeout="0" aborted="1" inconclusive="0" passedButRunAborted="0" notRunnable="0" notExecuted="1" disconnected="0" warning="0" passed="0" completed="0" inProgress="0" pending="0" />
    <RunInfos>
      <RunInfo computerName="INDEL7BC0902" outcome="Error" timestamp="2016-08-24T13:08:19.9088169+05:30">
        <Text>Test host process exited unexpectedly.</Text>
      </RunInfo>
    </RunInfos>
  </ResultSummary>
  <TestDefinitions>
    <UnitTest name="TestMethod1" storage="c:\ors testing\selenium\c#_ws\bcaft\bcaft\bin\debug\bcaft.dll" id="ee6dbebb-5e79-c183-4814-f2a7c415b3ec">
      <Execution id="0fa1d1fd-d4ca-4670-8f4e-3fa153f081f4" />
      <TestMethod codeBase="C:/ORS Testing/Selenium/C#_WS/BCAFT/BCAFT/bin/Debug/BCAFT.DLL" adapterTypeName="Microsoft.VisualStudio.TestTools.TestTypes.Unit.UnitTestAdapter, Microsoft.VisualStudio.QualityTools.Tips.UnitTest.Adapter, Version=10.0.0.0, Culture=neutral, PublicKeyToken=b03f5f7f11d50a3a" className="BCAFT.RunTest, BCAFT, Version=1.0.0.0, Culture=neutral, PublicKeyToken=null" name="TestMethod1" />
    </UnitTest>
    <UnitTest name="TestMethod1" storage="c:\ors testing\selenium\c#_ws\bcaft\bcaft\bin\debug\bcaft.dll" id="3bacb456-3dd6-4d6e-eca6-405a65e5502c">
      <Execution id="8b6dc5f8-da0b-4978-abf2-b8ce2c9457d3" />
      <TestMethod codeBase="C:/ORS Testing/Selenium/C#_WS/BCAFT/BCAFT/bin/Debug/BCAFT.DLL" adapterTypeName="Microsoft.VisualStudio.TestTools.TestTypes.Unit.UnitTestAdapter, Microsoft.VisualStudio.QualityTools.Tips.UnitTest.Adapter, Version=10.0.0.0, Culture=neutral, PublicKeyToken=b03f5f7f11d50a3a" className="BCAFT.UnitTest1, BCAFT, Version=1.0.0.0, Culture=neutral, PublicKeyToken=null" name="TestMethod1" />
    </UnitTest>
  </TestDefinitions>
  <TestLists>
    <TestList name="Results Not in a List" id="8c84fa94-04c1-424b-9868-57a2d4851a1d" />
    <TestList name="All Loaded Results" id="19431567-8539-422a-85d7-44ee4e166bda" />
  </TestLists>
  <TestEntries>
    <TestEntry testId="ee6dbebb-5e79-c183-4814-f2a7c415b3ec" executionId="0fa1d1fd-d4ca-4670-8f4e-3fa153f081f4" testListId="8c84fa94-04c1-424b-9868-57a2d4851a1d" />
    <TestEntry testId="3bacb456-3dd6-4d6e-eca6-405a65e5502c" executionId="8b6dc5f8-da0b-4978-abf2-b8ce2c9457d3" testListId="8c84fa94-04c1-424b-9868-57a2d4851a1d" />
  </TestEntries>
  <Results>
    <UnitTestResult executionId="0fa1d1fd-d4ca-4670-8f4e-3fa153f081f4" testId="ee6dbebb-5e79-c183-4814-f2a7c415b3ec" testName="TestMethod1" computerName="INDEL7BC0902" duration="00:02:15.4819936" startTime="2016-08-24T13:06:04.4268233+05:30" endTime="2016-08-24T13:08:19.9088169+05:30" testType="13cdc9d9-ddb5-4fa4-a97d-d965ccfc6d4b" outcome="Aborted" testListId="8c84fa94-04c1-424b-9868-57a2d4851a1d" relativeResultsDirectory="0fa1d1fd-d4ca-4670-8f4e-3fa153f081f4">
    </UnitTestResult>
    <UnitTestResult executionId="8b6dc5f8-da0b-4978-abf2-b8ce2c9457d3" testId="3bacb456-3dd6-4d6e-eca6-405a65e5502c" testName="TestMethod1" computerName="INDEL7BC0902" testType="13cdc9d9-ddb5-4fa4-a97d-d965ccfc6d4b" outcome="NotExecuted" testListId="8c84fa94-04c1-424b-9868-57a2d4851a1d" relativeResultsDirectory="8b6dc5f8-da0b-4978-abf2-b8ce2c9457d3">
    </UnitTestResult>
  </Results>
</TestRun>