<?xml version="1.0" encoding="UTF-8"?>
<TestRun id="8b204a0a-2d02-49ef-b1ce-4a7a3bc58ada" name="vithyasankaran@INDEL7BC0902 2016-08-24 12:53:18" runUser="CORPORATE\vithyasankaran" xmlns="http://microsoft.com/schemas/VisualStudio/TeamTest/2010">
  <TestSettings name="Local" id="00d6f716-3534-4b97-9a79-c787cd8e74bb">
    <Description>These are default test settings for a local test run.</Description>
    <Deployment enabled="false" runDeploymentRoot="vithyasankaran_INDEL7BC0902 2016-08-24 12_53_18">
      <DeploymentItem filename="C:\ORS Testing\Selenium\C#_WS\BCAFT\packages\Selenium.WebDriver.2.53.1\lib\net40\WebDriver.dll" />
      <DeploymentItem filename="C:\ORS Testing\Selenium\C#_WS\BCAFT\packages\Selenium.Support.2.53.1\lib\net40\WebDriver.Support.dll" />
    </Deployment>
    <Execution>
      <TestTypeSpecific />
      <AgentRule name="Execution Agents">
      </AgentRule>
    </Execution>
  </TestSettings>
  <Times creation="2016-08-24T12:53:18.9394485+05:30" queuing="2016-08-24T12:53:21.3046995+05:30" start="2016-08-24T12:53:21.4643417+05:30" finish="2016-08-24T12:55:13.1165839+05:30" />
  <ResultSummary outcome="Completed">
    <Counters total="2" executed="2" passed="2" error="0" failed="0" timeout="0" aborted="0" inconclusive="0" passedButRunAborted="0" notRunnable="0" notExecuted="0" disconnected="0" warning="0" completed="0" inProgress="0" pending="0" />
  </ResultSummary>
  <TestDefinitions>
    <UnitTest name="TestMethod1" storage="c:\ors testing\selenium\c#_ws\bcaft\bcaft\bin\debug\bcaft.dll" id="ee6dbebb-5e79-c183-4814-f2a7c415b3ec">
      <Execution id="01ee2f46-3d8b-4a74-8717-d9b89674a614" />
      <TestMethod codeBase="C:/ORS Testing/Selenium/C#_WS/BCAFT/BCAFT/bin/Debug/BCAFT.DLL" adapterTypeName="Microsoft.VisualStudio.TestTools.TestTypes.Unit.UnitTestAdapter, Microsoft.VisualStudio.QualityTools.Tips.UnitTest.Adapter, Version=10.0.0.0, Culture=neutral, PublicKeyToken=b03f5f7f11d50a3a" className="BCAFT.RunTest, BCAFT, Version=1.0.0.0, Culture=neutral, PublicKeyToken=null" name="TestMethod1" />
    </UnitTest>
    <UnitTest name="TestMethod1" storage="c:\ors testing\selenium\c#_ws\bcaft\bcaft\bin\debug\bcaft.dll" id="3bacb456-3dd6-4d6e-eca6-405a65e5502c">
      <Execution id="9850ea13-e577-4c57-874e-d63b509d2362" />
      <TestMethod codeBase="C:/ORS Testing/Selenium/C#_WS/BCAFT/BCAFT/bin/Debug/BCAFT.DLL" adapterTypeName="Microsoft.VisualStudio.TestTools.TestTypes.Unit.UnitTestAdapter, Microsoft.VisualStudio.QualityTools.Tips.UnitTest.Adapter, Version=10.0.0.0, Culture=neutral, PublicKeyToken=b03f5f7f11d50a3a" className="BCAFT.UnitTest1, BCAFT, Version=1.0.0.0, Culture=neutral, PublicKeyToken=null" name="TestMethod1" />
    </UnitTest>
  </TestDefinitions>
  <TestLists>
    <TestList name="Results Not in a List" id="8c84fa94-04c1-424b-9868-57a2d4851a1d" />
    <TestList name="All Loaded Results" id="19431567-8539-422a-85d7-44ee4e166bda" />
  </TestLists>
  <TestEntries>
    <TestEntry testId="ee6dbebb-5e79-c183-4814-f2a7c415b3ec" executionId="01ee2f46-3d8b-4a74-8717-d9b89674a614" testListId="8c84fa94-04c1-424b-9868-57a2d4851a1d" />
    <TestEntry testId="3bacb456-3dd6-4d6e-eca6-405a65e5502c" executionId="9850ea13-e577-4c57-874e-d63b509d2362" testListId="8c84fa94-04c1-424b-9868-57a2d4851a1d" />
  </TestEntries>
  <Results>
    <UnitTestResult executionId="01ee2f46-3d8b-4a74-8717-d9b89674a614" testId="ee6dbebb-5e79-c183-4814-f2a7c415b3ec" testName="TestMethod1" computerName="INDEL7BC0902" duration="00:01:49.1634848" startTime="2016-08-24T12:53:21.6220251+05:30" endTime="2016-08-24T12:55:12.9716327+05:30" testType="13cdc9d9-ddb5-4fa4-a97d-d965ccfc6d4b" outcome="Passed" testListId="8c84fa94-04c1-424b-9868-57a2d4851a1d" relativeResultsDirectory="01ee2f46-3d8b-4a74-8717-d9b89674a614">
      <Output>
        <StdOut>TestCase found</StdOut>
      </Output>
    </UnitTestResult>
    <UnitTestResult executionId="9850ea13-e577-4c57-874e-d63b509d2362" testId="3bacb456-3dd6-4d6e-eca6-405a65e5502c" testName="TestMethod1" computerName="INDEL7BC0902" duration="00:00:00.0003393" startTime="2016-08-24T12:55:12.9990559+05:30" endTime="2016-08-24T12:55:13.0078705+05:30" testType="13cdc9d9-ddb5-4fa4-a97d-d965ccfc6d4b" outcome="Passed" testListId="8c84fa94-04c1-424b-9868-57a2d4851a1d" relativeResultsDirectory="9850ea13-e577-4c57-874e-d63b509d2362">
    </UnitTestResult>
  </Results>
</TestRun>