<?xml version="1.0" encoding="UTF-8"?>
<TestRun id="9455d2f0-17e2-47ea-a530-0913d05090b4" name="vithyasankaran@INDEL7BC0902 2016-08-25 13:17:37" runUser="CORPORATE\vithyasankaran" xmlns="http://microsoft.com/schemas/VisualStudio/TeamTest/2010">
  <TestSettings name="Local" id="00d6f716-3534-4b97-9a79-c787cd8e74bb">
    <Description>These are default test settings for a local test run.</Description>
    <Deployment enabled="false" runDeploymentRoot="vithyasankaran_INDEL7BC0902 2016-08-25 13_17_37">
      <DeploymentItem filename="C:\ORS Testing\Selenium\C#_WS\BCAFT\packages\Selenium.WebDriver.2.53.1\lib\net40\WebDriver.dll" />
      <DeploymentItem filename="C:\ORS Testing\Selenium\C#_WS\BCAFT\packages\Selenium.Support.2.53.1\lib\net40\WebDriver.Support.dll" />
    </Deployment>
    <Execution>
      <TestTypeSpecific />
      <AgentRule name="Execution Agents">
      </AgentRule>
    </Execution>
  </TestSettings>
  <Times creation="2016-08-25T13:17:37.6531980+05:30" queuing="2016-08-25T13:17:39.2015303+05:30" start="2016-08-25T13:17:39.3746540+05:30" finish="2016-08-25T13:18:47.2555952+05:30" />
  <ResultSummary outcome="Completed">
    <Counters total="2" executed="2" passed="2" error="0" failed="0" timeout="0" aborted="0" inconclusive="0" passedButRunAborted="0" notRunnable="0" notExecuted="0" disconnected="0" warning="0" completed="0" inProgress="0" pending="0" />
  </ResultSummary>
  <TestDefinitions>
    <UnitTest name="TestMethod1" storage="c:\ors testing\selenium\c#_ws\bcaft\bcaft\bin\debug\bcaft.dll" id="ee6dbebb-5e79-c183-4814-f2a7c415b3ec">
      <Execution id="42f8cfcb-5e00-405f-b40e-c3f383855cac" />
      <TestMethod codeBase="C:/ORS Testing/Selenium/C#_WS/BCAFT/BCAFT/bin/Debug/BCAFT.DLL" adapterTypeName="Microsoft.VisualStudio.TestTools.TestTypes.Unit.UnitTestAdapter, Microsoft.VisualStudio.QualityTools.Tips.UnitTest.Adapter, Version=10.0.0.0, Culture=neutral, PublicKeyToken=b03f5f7f11d50a3a" className="BCAFT.RunTest, BCAFT, Version=1.0.0.0, Culture=neutral, PublicKeyToken=null" name="TestMethod1" />
    </UnitTest>
    <UnitTest name="TestMethod1" storage="c:\ors testing\selenium\c#_ws\bcaft\bcaft\bin\debug\bcaft.dll" id="3bacb456-3dd6-4d6e-eca6-405a65e5502c">
      <Execution id="cb49d56c-2e4e-4d51-a7c9-55a3125c28e1" />
      <TestMethod codeBase="C:/ORS Testing/Selenium/C#_WS/BCAFT/BCAFT/bin/Debug/BCAFT.DLL" adapterTypeName="Microsoft.VisualStudio.TestTools.TestTypes.Unit.UnitTestAdapter, Microsoft.VisualStudio.QualityTools.Tips.UnitTest.Adapter, Version=10.0.0.0, Culture=neutral, PublicKeyToken=b03f5f7f11d50a3a" className="BCAFT.UnitTest1, BCAFT, Version=1.0.0.0, Culture=neutral, PublicKeyToken=null" name="TestMethod1" />
    </UnitTest>
  </TestDefinitions>
  <TestLists>
    <TestList name="Results Not in a List" id="8c84fa94-04c1-424b-9868-57a2d4851a1d" />
    <TestList name="All Loaded Results" id="19431567-8539-422a-85d7-44ee4e166bda" />
  </TestLists>
  <TestEntries>
    <TestEntry testId="ee6dbebb-5e79-c183-4814-f2a7c415b3ec" executionId="42f8cfcb-5e00-405f-b40e-c3f383855cac" testListId="8c84fa94-04c1-424b-9868-57a2d4851a1d" />
    <TestEntry testId="3bacb456-3dd6-4d6e-eca6-405a65e5502c" executionId="cb49d56c-2e4e-4d51-a7c9-55a3125c28e1" testListId="8c84fa94-04c1-424b-9868-57a2d4851a1d" />
  </TestEntries>
  <Results>
    <UnitTestResult executionId="42f8cfcb-5e00-405f-b40e-c3f383855cac" testId="ee6dbebb-5e79-c183-4814-f2a7c415b3ec" testName="TestMethod1" computerName="INDEL7BC0902" duration="00:01:05.4665986" startTime="2016-08-25T13:17:39.5272376+05:30" endTime="2016-08-25T13:18:47.1304248+05:30" testType="13cdc9d9-ddb5-4fa4-a97d-d965ccfc6d4b" outcome="Passed" testListId="8c84fa94-04c1-424b-9868-57a2d4851a1d" relativeResultsDirectory="42f8cfcb-5e00-405f-b40e-c3f383855cac">
    </UnitTestResult>
    <UnitTestResult executionId="cb49d56c-2e4e-4d51-a7c9-55a3125c28e1" testId="3bacb456-3dd6-4d6e-eca6-405a65e5502c" testName="TestMethod1" computerName="INDEL7BC0902" duration="00:00:00.0003387" startTime="2016-08-25T13:18:47.1460711+05:30" endTime="2016-08-25T13:18:47.1617174+05:30" testType="13cdc9d9-ddb5-4fa4-a97d-d965ccfc6d4b" outcome="Passed" testListId="8c84fa94-04c1-424b-9868-57a2d4851a1d" relativeResultsDirectory="cb49d56c-2e4e-4d51-a7c9-55a3125c28e1">
    </UnitTestResult>
  </Results>
</TestRun>